[debug] > Exec(;set _root_.scala.collection.Seq(historyPath := None,shellPrompt := { _ => "" },SettingKey[_root_.scala.Option[_root_.sbt.File]]("sbtStructureOutputFile") in _root_.sbt.Global := _root_.scala.Some(_root_.sbt.file("/private/var/folders/0q/0c8_yw1d3y74wr2frj17b3nh0000gp/T/sbt-structure.xml")),SettingKey[_root_.java.lang.String]("sbtStructureOptions") in _root_.sbt.Global := "download, resolveClassifiers");apply -cp "/Users/Nikita_Levchenko/Library/Application Support/JetBrains/Toolbox/apps/IDEA-C/ch-0/213.5744.223/IntelliJ IDEA CE.app.plugins/Scala/repo/org/jetbrains/scala/sbt-structure-extractor_2.12_1.0/2021.3.0/sbt-structure-extractor-2021.3.0.jar" org.jetbrains.sbt.CreateTasks;preferScala2;*/*:dumpStructure, Some(7b5c057f-03af-4684-9d84-0da2acd70b79), Some(CommandSource(console0)))
[debug] > Exec(set _root_.scala.collection.Seq(historyPath := None,shellPrompt := { _ => "" },SettingKey[_root_.scala.Option[_root_.sbt.File]]("sbtStructureOutputFile") in _root_.sbt.Global := _root_.scala.Some(_root_.sbt.file("/private/var/folders/0q/0c8_yw1d3y74wr2frj17b3nh0000gp/T/sbt-structure.xml")),SettingKey[_root_.java.lang.String]("sbtStructureOptions") in _root_.sbt.Global := "download, resolveClassifiers"), None, Some(CommandSource(console0)))
[info] Defining Global / sbtStructureOptions, Global / sbtStructureOutputFile and 1 others.
[info] The new values will be used by cleanKeepGlobs
[info] 	Run `last` for details.
[debug] Defining 
[debug] 	Global / sbtStructureOptions
[debug] 	Global / sbtStructureOutputFile
[debug] 	history
[debug] 	shellPrompt
[debug] 
[debug] The new values will be used by 
[debug] 	cleanKeepGlobs
[info] Reapplying settings...
[info] set current project to kafka-streams-essentials (in build file:/Users/Nikita_Levchenko/IdeaProjects/Liberty%20Global/kafka-streams-essentials/)
[debug] > Exec(apply -cp "/Users/Nikita_Levchenko/Library/Application Support/JetBrains/Toolbox/apps/IDEA-C/ch-0/213.5744.223/IntelliJ IDEA CE.app.plugins/Scala/repo/org/jetbrains/scala/sbt-structure-extractor_2.12_1.0/2021.3.0/sbt-structure-extractor-2021.3.0.jar" org.jetbrains.sbt.CreateTasks, None, Some(CommandSource(console0)))
[info] Applying State transformations org.jetbrains.sbt.CreateTasks from /Users/Nikita_Levchenko/Library/Application Support/JetBrains/Toolbox/apps/IDEA-C/ch-0/213.5744.223/IntelliJ IDEA CE.app.plugins/Scala/repo/org/jetbrains/scala/sbt-structure-extractor_2.12_1.0/2021.3.0/sbt-structure-extractor-2021.3.0.jar
[info] Reapplying settings...
[info] set current project to kafka-streams-essentials (in build file:/Users/Nikita_Levchenko/IdeaProjects/Liberty%20Global/kafka-streams-essentials/)
[debug] > Exec(preferScala2, None, Some(CommandSource(console0)))
[debug] > Exec(*/*:dumpStructure, None, Some(CommandSource(console0)))
[debug] Evaluating tasks: Global / dumpStructure
[warn] sbt 0.13 shell syntax is deprecated; use slash syntax instead: Global / dumpStructure
[debug] Running task... Cancel: Signal, check cycles: false, forcegc: true
[info] shutting down sbt server
